<?xml version="1.0" encoding="UTF-8"?>
<!-- Generated by org.testng.reporters.JUnitReportReporter -->
<testsuite hostname="CHN1-LHP-N62806" failures="0" tests="1" name="FunctionalTesting.InterviewerRegister" time="0.544" errors="0" timestamp="2022-05-16T19:38:55 IST" skipped="0">
  <testcase classname="FunctionalTesting.InterviewerRegister" name="Register" time="0.544"/>
  <system-out/>
</testsuite> <!-- FunctionalTesting.InterviewerRegister -->
