<?xml version="1.0" encoding="UTF-8"?>
<!-- Generated by org.testng.reporters.JUnitReportReporter -->
<testsuite hostname="CHN1-LHP-N62806" failures="0" tests="1" name="FunctionalTesting.TagteamRegister" time="0.443" errors="0" timestamp="2022-05-16T18:31:56 IST" skipped="0">
  <testcase classname="FunctionalTesting.TagteamRegister" name="regis" time="0.443"/>
  <system-out/>
</testsuite> <!-- FunctionalTesting.TagteamRegister -->
