<?xml version="1.0" encoding="UTF-8"?>
<!-- Generated by org.testng.reporters.JUnitReportReporter -->
<testsuite hostname="CHN1-LHP-N62806" failures="0" tests="1" name="functionalTesting.InvalidLoginTest" time="0.233" errors="0" timestamp="2022-05-16T16:24:09 IST" skipped="0">
  <testcase classname="functionalTesting.InvalidLoginTest" name="login" time="0.233"/>
  <system-out/>
</testsuite> <!-- functionalTesting.InvalidLoginTest -->
