<?xml version="1.0" encoding="UTF-8"?>
<!-- Generated by org.testng.reporters.JUnitReportReporter -->
<testsuite hostname="CHN1-LHP-N62806" failures="0" tests="1" name="functionalTestingForIntService.AddSlotTest" time="0.784" errors="0" timestamp="2022-05-16T17:38:33 IST" skipped="0">
  <testcase classname="functionalTestingForIntService.AddSlotTest" name="addSlot" time="0.784"/>
  <system-out/>
</testsuite> <!-- functionalTestingForIntService.AddSlotTest -->
