<?xml version="1.0" encoding="UTF-8"?>
<!-- Generated by org.testng.reporters.JUnitReportReporter -->
<testsuite hostname="CHN1-LHP-N62806" failures="0" tests="1" name="functionalTesting.AddSlotTest" time="0.748" errors="0" timestamp="2022-05-10T11:33:49 IST" skipped="0">
  <testcase classname="functionalTesting.AddSlotTest" name="addSlot" time="0.748"/>
  <system-out/>
</testsuite> <!-- functionalTesting.AddSlotTest -->
