<?xml version="1.0" encoding="UTF-8"?>
<!-- Generated by org.testng.reporters.JUnitReportReporter -->
<testsuite hostname="CHN1-LHP-N62806" failures="0" tests="1" name="functionalTesting.LoginTest" time="0.206" errors="0" timestamp="2022-05-10T12:09:41 IST" skipped="0">
  <testcase classname="functionalTesting.LoginTest" name="login" time="0.206"/>
  <system-out/>
</testsuite> <!-- functionalTesting.LoginTest -->
