<?xml version="1.0" encoding="UTF-8"?>
<!-- Generated by org.testng.reporters.JUnitReportReporter -->
<testsuite hostname="CHN1-LHP-N62806" failures="0" tests="1" name="functionalTestingForIntService.InvalidLoginTestIntService" time="0.253" errors="0" timestamp="2022-05-16T17:37:31 IST" skipped="0">
  <testcase classname="functionalTestingForIntService.InvalidLoginTestIntService" name="login" time="0.253"/>
  <system-out/>
</testsuite> <!-- functionalTestingForIntService.InvalidLoginTestIntService -->
