<?xml version="1.0" encoding="UTF-8"?>
<!-- Generated by org.testng.reporters.JUnitReportReporter -->
<testsuite hostname="CHN1-LHP-N62806" failures="0" tests="1" name="functionalTestingForTagService.InvalidLoginTestTagService" time="0.254" errors="0" timestamp="2022-05-16T16:42:12 IST" skipped="0">
  <testcase classname="functionalTestingForTagService.InvalidLoginTestTagService" name="login" time="0.254"/>
  <system-out/>
</testsuite> <!-- functionalTestingForTagService.InvalidLoginTestTagService -->
