<?xml version="1.0" encoding="UTF-8"?>
<!-- Generated by org.testng.reporters.JUnitReportReporter -->
<testsuite hostname="CHN1-LHP-N62806" failures="0" tests="1" name="functionalTestingForTagService.ValidLoginTestTagService" time="0.279" errors="0" timestamp="2022-05-16T16:43:13 IST" skipped="0">
  <testcase classname="functionalTestingForTagService.ValidLoginTestTagService" name="login" time="0.279"/>
  <system-out/>
</testsuite> <!-- functionalTestingForTagService.ValidLoginTestTagService -->
